Line 15: Class TabDlg.SSTab of control SSTab1 was not a loaded control class.
Line 40: Class ZLIBTOOLLib.ZlibTool of control ZlibTool1 was not a loaded control class.
Line 21: The property name _ExtentX in SSTab1 is invalid.
Line 22: The property name _ExtentY in SSTab1 is invalid.
Line 23: The property name _Version in SSTab1 is invalid.
Line 24: The property name Tab in SSTab1 is invalid.
Line 25: The property name TabHeight in SSTab1 is invalid.
Line 27: The property name TabCaption(0) in SSTab1 is invalid.
Line 28: The property name TabPicture(0) in SSTab1 is invalid.
Line 29: The property name Tab(0).ControlEnabled in SSTab1 is invalid.
Line 30: The property name Tab(0).ControlCount in SSTab1 is invalid.
Line 31: The property name TabCaption(1) in SSTab1 is invalid.
Line 32: The property name TabPicture(1) in SSTab1 is invalid.
Line 33: The property name Tab(1).ControlEnabled in SSTab1 is invalid.
Line 34: The property name Tab(1).ControlCount in SSTab1 is invalid.
Line 35: The property name TabCaption(2) in SSTab1 is invalid.
Line 36: The property name TabPicture(2) in SSTab1 is invalid.
Line 37: The property name Tab(2).ControlEnabled in SSTab1 is invalid.
Line 38: The property name Tab(2).ControlCount in SSTab1 is invalid.
Line 47: The property name _Version in ZlibTool1 is invalid.
Line 48: The property name _ExtentX in ZlibTool1 is invalid.
Line 49: The property name _ExtentY in ZlibTool1 is invalid.
Line 50: The property name _StockProps in ZlibTool1 is invalid.
